<?xml version="1.0" encoding="UTF-8"?>
<!-- Generated by org.testng.reporters.JUnitReportReporter -->
<testsuite hostname="DESKTOP-044PKM4" name="com.facebookAutomation.FacebookSignupAssignment" tests="1" failures="0" timestamp="10 Nov 2020 00:35:00 GMT" time="2.691" errors="0">
  <testcase name="registerFacebook" time="2.691" classname="com.facebookAutomation.FacebookSignupAssignment"/>
</testsuite> <!-- com.facebookAutomation.FacebookSignupAssignment -->
